<?xml version="1.0" encoding="UTF-8"?>
<testsuite xmlns:xsi="http://www.w3.org/2001/XMLSchema-instance" xsi:noNamespaceSchemaLocation="https://maven.apache.org/surefire/maven-surefire-plugin/xsd/surefire-test-report.xsd" name="org.example.tests.LiveInGameTests" time="25.658" tests="4" errors="1" skipped="0" failures="0">
  <properties>
[...]
</properties>
  <testcase name="verifyEventButtonRedirection" classname="org.example.tests.LiveInGameTests" time="4.969"/>
  <testcase name="verifySportEventsAreAvailable" classname="org.example.tests.LiveInGameTests" time="4.048"/>
  <testcase name="verifyBetTypeSelection" classname="org.example.tests.LiveInGameTests" time="4.17"/>
  <testcase name="useTryToPlaceBetBeforeLogin" classname="org.example.tests.LiveInGameTests" time="12.143">
    <error message="element click intercepted: Element &lt;div class=&quot;sportsbook-outcome-cell&quot;&gt;...&lt;/div&gt; is not clickable at point (467, 374). Other element would receive the click: &lt;li id=&quot;subcategory_...&quot;&gt;Both Teams to Score&lt;/li&gt;&#10;  (Session info: chrome=119.0.6045.200)&#10;Build info: version: &apos;4.15.0&apos;, revision: &apos;1d14b5521b&apos;&#10;System info: os.name: &apos;Windows 10&apos;, os.arch: &apos;amd64&apos;, os.version: &apos;10.0&apos;, java.version: &apos;17.0.9&apos;&#10;Driver info: org.openqa.selenium.chrome.ChromeDriver&#10;Command: [428015fd496a4c91e4be064a4912cf31, clickElement {id=81153F2D6E2609C17991A49E4D479116_element_120}]&#10;Capabilities {acceptInsecureCerts: false, browserName: chrome, browserVersion: 119.0.6045.200, chrome: {chromedriverVersion: 119.0.6045.105 (38c72552c5e..., userDataDir: C:\Users\Viktoria\AppData\L...}, fedcm:accounts: true, goog:chromeOptions: {debuggerAddress: localhost:63607}, networkConnectionEnabled: false, pageLoadStrategy: normal, platformName: windows, proxy: Proxy(), se:cdp: ws://localhost:63607/devtoo..., se:cdpVersion: 119.0.6045.200, setWindowRect: true, strictFileInteractability: false, timeouts: {implicit: 0, pageLoad: 300000, script: 30000}, unhandledPromptBehavior: dismiss and notify, webauthn:extension:credBlob: true, webauthn:extension:largeBlob: true, webauthn:extension:minPinLength: true, webauthn:extension:prf: true, webauthn:virtualAuthenticators: true}&#10;Element: [[ChromeDriver: chrome on windows (428015fd496a4c91e4be064a4912cf31)] -&gt; css selector: div[class=&apos;sportsbook-outcome-cell&apos;]]&#10;Session ID: 428015fd496a4c91e4be064a4912cf31" type="org.openqa.selenium.ElementClickInterceptedException"><![CDATA[org.openqa.selenium.ElementClickInterceptedException: 
element click intercepted: Element <div class="sportsbook-outcome-cell">...</div> is not clickable at point (467, 374). Other element would receive the click: <li id="subcategory_...">Both Teams to Score</li>
  (Session info: chrome=119.0.6045.200)
Build info: version: '4.15.0', revision: '1d14b5521b'
System info: os.name: 'Windows 10', os.arch: 'amd64', os.version: '10.0', java.version: '17.0.9'
Driver info: org.openqa.selenium.chrome.ChromeDriver
Command: [428015fd496a4c91e4be064a4912cf31, clickElement {id=81153F2D6E2609C17991A49E4D479116_element_120}]
Capabilities {acceptInsecureCerts: false, browserName: chrome, browserVersion: 119.0.6045.200, chrome: {chromedriverVersion: 119.0.6045.105 (38c72552c5e..., userDataDir: C:\Users\Viktoria\AppData\L...}, fedcm:accounts: true, goog:chromeOptions: {debuggerAddress: localhost:63607}, networkConnectionEnabled: false, pageLoadStrategy: normal, platformName: windows, proxy: Proxy(), se:cdp: ws://localhost:63607/devtoo..., se:cdpVersion: 119.0.6045.200, setWindowRect: true, strictFileInteractability: false, timeouts: {implicit: 0, pageLoad: 300000, script: 30000}, unhandledPromptBehavior: dismiss and notify, webauthn:extension:credBlob: true, webauthn:extension:largeBlob: true, webauthn:extension:minPinLength: true, webauthn:extension:prf: true, webauthn:virtualAuthenticators: true}
Element: [[ChromeDriver: chrome on windows (428015fd496a4c91e4be064a4912cf31)] -> css selector: div[class='sportsbook-outcome-cell']]
Session ID: 428015fd496a4c91e4be064a4912cf31
	at org.example.tests.LiveInGameTests.useTryToPlaceBetBeforeLogin(LiveInGameTests.java:126)
]]></error>
  </testcase>
</testsuite>